1657633823974	geckodriver	INFO	Listening on 127.0.0.1:45573
1657633824031	mozrunner::runner	INFO	Running command: "/usr/bin/firefox" "--marionette" "--remote-debugging-port" "37995" "--remote-allow-hosts" "localhost" "-no-remote" "-profile" "/tmp/rust_mozprofile6pdne9"
ATTENTION: default value of option mesa_glthread overridden by environment.
libva info: VA-API version 1.14.0
libva info: Trying to open /usr/lib64/dri/iHD_drv_video.so
libva info: va_openDriver() returns -1
libva info: Trying to open /usr/lib64/dri/i965_drv_video.so
libva info: va_openDriver() returns -1
ATTENTION: default value of option mesa_glthread overridden by environment.
1657633824418	Marionette	INFO	Marionette enabled
1657633824421	Marionette	INFO	Listening on port 43161
WebDriver BiDi listening on ws://localhost:37995
Read port: 43161
ATTENTION: default value of option mesa_glthread overridden by environment.
1657633824524	RemoteAgent	WARN	TLS certificate errors will be ignored for this session
console.warn: SearchSettings: "get: No settings file exists, new profile?" (new NotFoundError("Could not open the file at /tmp/rust_mozprofile6pdne9/search.json.mozlz4", (void 0)))
Missing chrome or resource URL: resource://gre/modules/UpdateListener.jsm
Missing chrome or resource URL: resource://gre/modules/UpdateListener.sys.mjs
DevTools listening on ws://localhost:37995/devtools/browser/f65730c5-c5ab-4c1e-a014-dd5c3c62d335
JavaScript error: https://www.gstatic.com/firebasejs/7.22.0/firebase-analytics.js, line 1: Error: Cannot instantiate firebase-analytics.js - be sure to load firebase-app.js first.
JavaScript error: https://www.cricbuzz.com/cricket-match/live-scores, line 6: ReferenceError: firebase is not defined
JavaScript error: https://www.cricbuzz.com/dist/js/cricbuzz.min.1654748713.js, line 362: TypeError: colombia.refresh is not a function
JavaScript error: https://www.cricbuzz.com/dist/js/cricbuzz.min.1654748713.js, line 362: TypeError: colombia.refresh is not a function
1657633829216	Marionette	INFO	Stopped listening on port 43161
Missing chrome or resource URL: resource://gre/modules/UpdateListener.jsm
Missing chrome or resource URL: resource://gre/modules/UpdateListener.sys.mjs
console.error: "Error during quit-application-granted: [Exception... \"File error: Not found\"  nsresult: \"0x80520012 (NS_ERROR_FILE_NOT_FOUND)\"  location: \"JS frame :: resource:///modules/BrowserGlue.jsm :: _onQuitApplicationGranted/tasks< :: line 1996\"  data: no]"
1657634076679	geckodriver	INFO	Listening on 127.0.0.1:42099
1657634076737	mozrunner::runner	INFO	Running command: "/usr/bin/firefox" "--marionette" "--remote-debugging-port" "35269" "--remote-allow-hosts" "localhost" "-no-remote" "-profile" "/tmp/rust_mozprofileSiAOtI"
ATTENTION: default value of option mesa_glthread overridden by environment.
libva info: VA-API version 1.14.0
libva info: Trying to open /usr/lib64/dri/iHD_drv_video.so
libva info: va_openDriver() returns -1
libva info: Trying to open /usr/lib64/dri/i965_drv_video.so
libva info: va_openDriver() returns -1
ATTENTION: default value of option mesa_glthread overridden by environment.
1657634077158	Marionette	INFO	Marionette enabled
1657634077161	Marionette	INFO	Listening on port 40463
WebDriver BiDi listening on ws://localhost:35269
ATTENTION: default value of option mesa_glthread overridden by environment.
Read port: 40463
1657634077346	RemoteAgent	WARN	TLS certificate errors will be ignored for this session
console.warn: SearchSettings: "get: No settings file exists, new profile?" (new NotFoundError("Could not open the file at /tmp/rust_mozprofileSiAOtI/search.json.mozlz4", (void 0)))
Missing chrome or resource URL: resource://gre/modules/UpdateListener.jsm
Missing chrome or resource URL: resource://gre/modules/UpdateListener.sys.mjs
DevTools listening on ws://localhost:35269/devtools/browser/8b40fe8c-20d9-40cd-94c0-4ea20bbe90e8
JavaScript error: , line 0: uncaught exception: undefined
JavaScript error: , line 0: TypeError: NetworkError when attempting to fetch resource.
JavaScript error: , line 0: TypeError: NetworkError when attempting to fetch resource.
1657634088121	Marionette	INFO	Stopped listening on port 40463
Missing chrome or resource URL: resource://gre/modules/UpdateListener.jsm
Missing chrome or resource URL: resource://gre/modules/UpdateListener.sys.mjs
console.error: "Error during quit-application-granted: [Exception... \"File error: Not found\"  nsresult: \"0x80520012 (NS_ERROR_FILE_NOT_FOUND)\"  location: \"JS frame :: resource:///modules/BrowserGlue.jsm :: _onQuitApplicationGranted/tasks< :: line 1996\"  data: no]"
Sandbox: Unexpected EOF, op 0 flags 00 path /proc/cpuinfo
1657634092254	geckodriver	INFO	Listening on 127.0.0.1:40237
1657634092313	mozrunner::runner	INFO	Running command: "/usr/bin/firefox" "--marionette" "--remote-debugging-port" "55073" "--remote-allow-hosts" "localhost" "-no-remote" "-profile" "/tmp/rust_mozprofileWo47zb"
ATTENTION: default value of option mesa_glthread overridden by environment.
libva info: VA-API version 1.14.0
libva info: Trying to open /usr/lib64/dri/iHD_drv_video.so
libva info: va_openDriver() returns -1
libva info: Trying to open /usr/lib64/dri/i965_drv_video.so
libva info: va_openDriver() returns -1
ATTENTION: default value of option mesa_glthread overridden by environment.
1657634092722	Marionette	INFO	Marionette enabled
1657634092725	Marionette	INFO	Listening on port 46499
WebDriver BiDi listening on ws://localhost:55073
ATTENTION: default value of option mesa_glthread overridden by environment.
Read port: 46499
1657634092911	RemoteAgent	WARN	TLS certificate errors will be ignored for this session
console.warn: SearchSettings: "get: No settings file exists, new profile?" (new NotFoundError("Could not open the file at /tmp/rust_mozprofileWo47zb/search.json.mozlz4", (void 0)))
Missing chrome or resource URL: resource://gre/modules/UpdateListener.jsm
Missing chrome or resource URL: resource://gre/modules/UpdateListener.sys.mjs
DevTools listening on ws://localhost:55073/devtools/browser/50a60815-3c00-4bd9-8fb2-941b7c1bdd5e
1657634095631	Marionette	INFO	Stopped listening on port 46499
Missing chrome or resource URL: resource://gre/modules/UpdateListener.jsm
Missing chrome or resource URL: resource://gre/modules/UpdateListener.sys.mjs
console.error: "Error during quit-application-granted: [Exception... \"File error: Not found\"  nsresult: \"0x80520012 (NS_ERROR_FILE_NOT_FOUND)\"  location: \"JS frame :: resource:///modules/BrowserGlue.jsm :: _onQuitApplicationGranted/tasks< :: line 1996\"  data: no]"
1657634108897	geckodriver	INFO	Listening on 127.0.0.1:60109
1657634108958	mozrunner::runner	INFO	Running command: "/usr/bin/firefox" "--marionette" "--remote-debugging-port" "44771" "--remote-allow-hosts" "localhost" "-no-remote" "-profile" "/tmp/rust_mozprofile9Pwxgu"
ATTENTION: default value of option mesa_glthread overridden by environment.
libva info: VA-API version 1.14.0
libva info: Trying to open /usr/lib64/dri/iHD_drv_video.so
libva info: va_openDriver() returns -1
libva info: Trying to open /usr/lib64/dri/i965_drv_video.so
libva info: va_openDriver() returns -1
ATTENTION: default value of option mesa_glthread overridden by environment.
1657634109363	Marionette	INFO	Marionette enabled
1657634109366	Marionette	INFO	Listening on port 34393
WebDriver BiDi listening on ws://localhost:44771
ATTENTION: default value of option mesa_glthread overridden by environment.
Read port: 34393
1657634109610	RemoteAgent	WARN	TLS certificate errors will be ignored for this session
console.warn: SearchSettings: "get: No settings file exists, new profile?" (new NotFoundError("Could not open the file at /tmp/rust_mozprofile9Pwxgu/search.json.mozlz4", (void 0)))
Missing chrome or resource URL: resource://gre/modules/UpdateListener.jsm
Missing chrome or resource URL: resource://gre/modules/UpdateListener.sys.mjs
DevTools listening on ws://localhost:44771/devtools/browser/ce758922-9009-4122-ad52-b76b773661d2
1657634112234	Marionette	INFO	Stopped listening on port 34393
JavaScript error: https://www.cricbuzz.com/dist/js/cricbuzz.min.1654748713.js, line 362: TypeError: colombia.refresh is not a function
JavaScript error: https://www.cricbuzz.com/dist/js/cricbuzz.min.1654748713.js, line 362: TypeError: colombia.refresh is not a function
Missing chrome or resource URL: resource://gre/modules/UpdateListener.jsm
Missing chrome or resource URL: resource://gre/modules/UpdateListener.sys.mjs
console.error: "Error during quit-application-granted: [Exception... \"File error: Not found\"  nsresult: \"0x80520012 (NS_ERROR_FILE_NOT_FOUND)\"  location: \"JS frame :: resource:///modules/BrowserGlue.jsm :: _onQuitApplicationGranted/tasks< :: line 1996\"  data: no]"
JavaScript error: resource://gre/modules/TerminatorTelemetry.jsm, line 71: AbortError: IOUtils: Shutting down and refusing additional I/O tasks
1657635914456	geckodriver	INFO	Listening on 127.0.0.1:59107
1657635914517	mozrunner::runner	INFO	Running command: "/usr/bin/firefox" "--marionette" "--remote-debugging-port" "39323" "--remote-allow-hosts" "localhost" "-no-remote" "-profile" "/tmp/rust_mozprofilehEiNfy"
ATTENTION: default value of option mesa_glthread overridden by environment.
libva info: VA-API version 1.14.0
libva info: Trying to open /usr/lib64/dri/iHD_drv_video.so
libva info: va_openDriver() returns -1
libva info: Trying to open /usr/lib64/dri/i965_drv_video.so
libva info: va_openDriver() returns -1
ATTENTION: default value of option mesa_glthread overridden by environment.
1657635914927	Marionette	INFO	Marionette enabled
1657635914930	Marionette	INFO	Listening on port 46635
WebDriver BiDi listening on ws://localhost:39323
ATTENTION: default value of option mesa_glthread overridden by environment.
Read port: 46635
1657635915164	RemoteAgent	WARN	TLS certificate errors will be ignored for this session
console.warn: SearchSettings: "get: No settings file exists, new profile?" (new NotFoundError("Could not open the file at /tmp/rust_mozprofilehEiNfy/search.json.mozlz4", (void 0)))
Missing chrome or resource URL: resource://gre/modules/UpdateListener.jsm
Missing chrome or resource URL: resource://gre/modules/UpdateListener.sys.mjs
DevTools listening on ws://localhost:39323/devtools/browser/393c3674-7512-4966-ac8f-6a4ad69eaddb
JavaScript error: https://www.gstatic.com/firebasejs/7.22.0/firebase-analytics.js, line 1: Error: Cannot instantiate firebase-analytics.js - be sure to load firebase-app.js first.
JavaScript error: https://www.cricbuzz.com/cricket-match/live-scores, line 6: ReferenceError: firebase is not defined
JavaScript error: https://www.cricbuzz.com/dist/js/cricbuzz.min.1654748713.js, line 362: TypeError: colombia.refresh is not a function
JavaScript warning: https://pagead2.googlesyndication.com/bg/k_X99N4Bu7LAEiAV5XH-2E-AmSxVmuYLUAxNMPpeAtI.js line 2 > eval line 916 > eval line 1 > eval line 1 > eval, line 1: WEBGL_debug_renderer_info is deprecated in Firefox and will be removed. Please use RENDERER.
JavaScript warning: https://pagead2.googlesyndication.com/bg/_j1ezhpSwBWUHEITOmC2IR4vOiGfDYio7V63aY1ETrc.js line 2 > eval line 3927 > eval line 1 > eval line 1 > eval, line 1: WEBGL_debug_renderer_info is deprecated in Firefox and will be removed. Please use RENDERER.
1657635938230	Marionette	INFO	Stopped listening on port 46635
Missing chrome or resource URL: resource://gre/modules/UpdateListener.jsm
Missing chrome or resource URL: resource://gre/modules/UpdateListener.sys.mjs
console.error: "Error during quit-application-granted: [Exception... \"File error: Not found\"  nsresult: \"0x80520012 (NS_ERROR_FILE_NOT_FOUND)\"  location: \"JS frame :: resource:///modules/BrowserGlue.jsm :: _onQuitApplicationGranted/tasks< :: line 1996\"  data: no]"
